c:\users\aaron\documents\darkworlddev\x64\debug\vc143.pdb
c:\users\aaron\documents\darkworlddev\x64\debug\vc143.idb
c:\users\aaron\documents\darkworlddev\x64\debug\tilemanager.obj
c:\users\aaron\documents\darkworlddev\x64\debug\player.obj
c:\users\aaron\documents\darkworlddev\x64\debug\main.obj
c:\users\aaron\documents\darkworlddev\x64\debug\item.obj
c:\users\aaron\documents\darkworlddev\x64\debug\inventorymanager.obj
c:\users\aaron\documents\darkworlddev\x64\debug\game.obj
c:\users\aaron\documents\darkworlddev\x64\debug\game.exe
c:\users\aaron\documents\darkworlddev\x64\debug\game.pdb
c:\users\aaron\documents\darkworlddev\x64\debug\my game.res
c:\users\aaron\documents\darkworlddev\x64\debug\game.ilk
c:\users\aaron\documents\darkworlddev\x64\debug\my game.vcxproj.filelistabsolute.txt
c:\users\aaron\documents\darkworlddev\x64\debug\my game.tlog\cl.command.1.tlog
c:\users\aaron\documents\darkworlddev\x64\debug\my game.tlog\cl.items.tlog
c:\users\aaron\documents\darkworlddev\x64\debug\my game.tlog\cl.read.1.tlog
c:\users\aaron\documents\darkworlddev\x64\debug\my game.tlog\cl.write.1.tlog
c:\users\aaron\documents\darkworlddev\x64\debug\my game.tlog\link.command.1.tlog
c:\users\aaron\documents\darkworlddev\x64\debug\my game.tlog\link.read.1.tlog
c:\users\aaron\documents\darkworlddev\x64\debug\my game.tlog\link.secondary.1.tlog
c:\users\aaron\documents\darkworlddev\x64\debug\my game.tlog\link.write.1.tlog
c:\users\aaron\documents\darkworlddev\x64\debug\my game.tlog\rc.command.1.tlog
c:\users\aaron\documents\darkworlddev\x64\debug\my game.tlog\rc.read.1.tlog
c:\users\aaron\documents\darkworlddev\x64\debug\my game.tlog\rc.write.1.tlog
